<?xml version="1.0" encoding="UTF-8"?>
<!-- Generated by org.testng.reporters.JUnitReportReporter -->
<testsuite skipped="18" hostname="DESKTOP-3GNVT0U" name="com.qa.testcases.Lot_number_with_bins_testcases" tests="20" failures="0" timestamp="23 Sep 2020 15:43:11 GMT" time="109.298" errors="1">
  <testcase name="setUp" time="44.921" classname="com.qa.testcases.Lot_number_with_bins_testcases">
    <error type="org.openqa.selenium.NoSuchWindowException" message="no such window: target window already closed
from unknown error: web view not found
  (Session info: chrome=85.0.4183.102)
Build info: version: &#039;4.0.0-alpha-3&#039;, revision: &#039;8c567de6dc&#039;
System info: host: &#039;DESKTOP-3GNVT0U&#039;, ip: &#039;172.20.10.2&#039;, os.name: &#039;Windows 10&#039;, os.arch: &#039;amd64&#039;, os.version: &#039;10.0&#039;, java.version: &#039;1.8.0_261&#039;
Driver info: org.openqa.selenium.chrome.ChromeDriver
Capabilities {acceptInsecureCerts: false, browserName: chrome, browserVersion: 85.0.4183.102, chrome: {chromedriverVersion: 85.0.4183.83 (94abc2237ae0c..., userDataDir: C:\Users\Sindhuja\AppData\L...}, goog:chromeOptions: {debuggerAddress: localhost:56034}, javascriptEnabled: true, networkConnectionEnabled: false, pageLoadStrategy: normal, platform: WINDOWS, platformName: WINDOWS, proxy: Proxy(), setWindowRect: true, strictFileInteractability: false, timeouts: {implicit: 0, pageLoad: 300000, script: 30000}, unhandledPromptBehavior: dismiss and notify, webauthn:virtualAuthenticators: true}
Session ID: eeb56a3ecb69d706dbf4dc1f87f97f95
*** Element info: {Using=name, value=email}">
      <![CDATA[org.openqa.selenium.NoSuchWindowException: no such window: target window already closed
from unknown error: web view not found
  (Session info: chrome=85.0.4183.102)
Build info: version: '4.0.0-alpha-3', revision: '8c567de6dc'
System info: host: 'DESKTOP-3GNVT0U', ip: '172.20.10.2', os.name: 'Windows 10', os.arch: 'amd64', os.version: '10.0', java.version: '1.8.0_261'
Driver info: org.openqa.selenium.chrome.ChromeDriver
Capabilities {acceptInsecureCerts: false, browserName: chrome, browserVersion: 85.0.4183.102, chrome: {chromedriverVersion: 85.0.4183.83 (94abc2237ae0c..., userDataDir: C:\Users\Sindhuja\AppData\L...}, goog:chromeOptions: {debuggerAddress: localhost:56034}, javascriptEnabled: true, networkConnectionEnabled: false, pageLoadStrategy: normal, platform: WINDOWS, platformName: WINDOWS, proxy: Proxy(), setWindowRect: true, strictFileInteractability: false, timeouts: {implicit: 0, pageLoad: 300000, script: 30000}, unhandledPromptBehavior: dismiss and notify, webauthn:virtualAuthenticators: true}
Session ID: eeb56a3ecb69d706dbf4dc1f87f97f95
*** Element info: {Using=name, value=email}
at sun.reflect.NativeConstructorAccessorImpl.newInstance0(Native Method)
at sun.reflect.NativeConstructorAccessorImpl.newInstance(NativeConstructorAccessorImpl.java:62)
at sun.reflect.DelegatingConstructorAccessorImpl.newInstance(DelegatingConstructorAccessorImpl.java:45)
at java.lang.reflect.Constructor.newInstance(Constructor.java:423)
at org.openqa.selenium.remote.codec.w3c.W3CHttpResponseCodec.createException(W3CHttpResponseCodec.java:191)
at org.openqa.selenium.remote.codec.w3c.W3CHttpResponseCodec.decode(W3CHttpResponseCodec.java:125)
at org.openqa.selenium.remote.codec.w3c.W3CHttpResponseCodec.decode(W3CHttpResponseCodec.java:52)
at org.openqa.selenium.remote.HttpCommandExecutor.execute(HttpCommandExecutor.java:161)
at org.openqa.selenium.remote.service.DriverCommandExecutor.execute(DriverCommandExecutor.java:83)
at org.openqa.selenium.remote.RemoteWebDriver.execute(RemoteWebDriver.java:576)
at org.openqa.selenium.remote.RemoteWebDriver.findElement(RemoteWebDriver.java:327)
at org.openqa.selenium.remote.RemoteWebDriver.findElementByName(RemoteWebDriver.java:415)
at org.openqa.selenium.By$ByName.findElement(By.java:313)
at org.openqa.selenium.remote.RemoteWebDriver.findElement(RemoteWebDriver.java:319)
at org.openqa.selenium.support.pagefactory.DefaultElementLocator.findElement(DefaultElementLocator.java:70)
at org.openqa.selenium.support.pagefactory.internal.LocatingElementHandler.invoke(LocatingElementHandler.java:39)
at com.sun.proxy.$Proxy14.sendKeys(Unknown Source)
at com.qa.pages.LoginPage.login(LoginPage.java:28)
at com.qa.util.TestUtil.setUp(TestUtil.java:20)
at com.qa.testcases.Lot_number_with_bins_testcases.setUp(Lot_number_with_bins_testcases.java:68)
at sun.reflect.NativeMethodAccessorImpl.invoke0(Native Method)
at sun.reflect.NativeMethodAccessorImpl.invoke(NativeMethodAccessorImpl.java:62)
at sun.reflect.DelegatingMethodAccessorImpl.invoke(DelegatingMethodAccessorImpl.java:43)
at java.lang.reflect.Method.invoke(Method.java:498)
at org.testng.internal.MethodInvocationHelper.invokeMethod(MethodInvocationHelper.java:124)
at org.testng.internal.MethodInvocationHelper.invokeMethodConsideringTimeout(MethodInvocationHelper.java:59)
at org.testng.internal.Invoker.invokeConfigurationMethod(Invoker.java:458)
at org.testng.internal.Invoker.invokeConfigurations(Invoker.java:222)
at org.testng.internal.Invoker.invokeMethod(Invoker.java:523)
at org.testng.internal.Invoker.invokeTestMethod(Invoker.java:719)
at org.testng.internal.Invoker.invokeTestMethods(Invoker.java:989)
at org.testng.internal.TestMethodWorker.invokeTestMethods(TestMethodWorker.java:125)
at org.testng.internal.TestMethodWorker.run(TestMethodWorker.java:109)
at org.testng.TestRunner.privateRun(TestRunner.java:648)
at org.testng.TestRunner.run(TestRunner.java:505)
at org.testng.SuiteRunner.runTest(SuiteRunner.java:455)
at org.testng.SuiteRunner.runSequentially(SuiteRunner.java:450)
at org.testng.SuiteRunner.privateRun(SuiteRunner.java:415)
at org.testng.SuiteRunner.run(SuiteRunner.java:364)
at org.testng.SuiteRunnerWorker.runSuite(SuiteRunnerWorker.java:52)
at org.testng.SuiteRunnerWorker.run(SuiteRunnerWorker.java:84)
at org.testng.TestNG.runSuitesSequentially(TestNG.java:1208)
at org.testng.TestNG.runSuitesLocally(TestNG.java:1137)
at org.testng.TestNG.runSuites(TestNG.java:1049)
at org.testng.TestNG.run(TestNG.java:1017)
at org.testng.remote.AbstractRemoteTestNG.run(AbstractRemoteTestNG.java:115)
at org.testng.remote.RemoteTestNG.initAndRun(RemoteTestNG.java:251)
at org.testng.remote.RemoteTestNG.main(RemoteTestNG.java:77)
]]>
    </error>
  </testcase> <!-- setUp -->
  <testcase name="same_lot_number" time="0.000" classname="com.qa.testcases.Lot_number_with_bins_testcases">
    <skipped/>
  </testcase> <!-- same_lot_number -->
  <testcase name="same_lot_number" time="64.377" classname="com.qa.testcases.Lot_number_with_bins_testcases"/>
  <testcase name="same_lot_number" time="0.000" classname="com.qa.testcases.Lot_number_with_bins_testcases">
    <skipped/>
  </testcase> <!-- same_lot_number -->
  <testcase name="same_lot_number" time="0.000" classname="com.qa.testcases.Lot_number_with_bins_testcases">
    <skipped/>
  </testcase> <!-- same_lot_number -->
  <testcase name="same_lot_number" time="0.000" classname="com.qa.testcases.Lot_number_with_bins_testcases">
    <skipped/>
  </testcase> <!-- same_lot_number -->
  <testcase name="same_lot_number" time="0.000" classname="com.qa.testcases.Lot_number_with_bins_testcases">
    <skipped/>
  </testcase> <!-- same_lot_number -->
  <testcase name="Without_lot_number" time="0.000" classname="com.qa.testcases.Lot_number_with_bins_testcases">
    <skipped/>
  </testcase> <!-- Without_lot_number -->
  <testcase name="Without_lot_number" time="0.000" classname="com.qa.testcases.Lot_number_with_bins_testcases">
    <skipped/>
  </testcase> <!-- Without_lot_number -->
  <testcase name="bin_mismatch" time="0.000" classname="com.qa.testcases.Lot_number_with_bins_testcases">
    <skipped/>
  </testcase> <!-- bin_mismatch -->
  <testcase name="Invalid_data" time="0.000" classname="com.qa.testcases.Lot_number_with_bins_testcases">
    <skipped/>
  </testcase> <!-- Invalid_data -->
  <testcase name="Invalid_data" time="0.000" classname="com.qa.testcases.Lot_number_with_bins_testcases">
    <skipped/>
  </testcase> <!-- Invalid_data -->
  <testcase name="Invalid_data" time="0.000" classname="com.qa.testcases.Lot_number_with_bins_testcases">
    <skipped/>
  </testcase> <!-- Invalid_data -->
  <testcase name="Invalid_data" time="0.000" classname="com.qa.testcases.Lot_number_with_bins_testcases">
    <skipped/>
  </testcase> <!-- Invalid_data -->
  <testcase name="Invalid_data" time="0.000" classname="com.qa.testcases.Lot_number_with_bins_testcases">
    <skipped/>
  </testcase> <!-- Invalid_data -->
  <testcase name="Invalid_data" time="0.000" classname="com.qa.testcases.Lot_number_with_bins_testcases">
    <skipped/>
  </testcase> <!-- Invalid_data -->
  <testcase name="Invalid_data" time="0.000" classname="com.qa.testcases.Lot_number_with_bins_testcases">
    <skipped/>
  </testcase> <!-- Invalid_data -->
  <testcase name="Invalid_data" time="0.000" classname="com.qa.testcases.Lot_number_with_bins_testcases">
    <skipped/>
  </testcase> <!-- Invalid_data -->
  <testcase name="Invalid_data" time="0.000" classname="com.qa.testcases.Lot_number_with_bins_testcases">
    <skipped/>
  </testcase> <!-- Invalid_data -->
  <testcase name="Invalid_data" time="0.000" classname="com.qa.testcases.Lot_number_with_bins_testcases">
    <skipped/>
  </testcase> <!-- Invalid_data -->
</testsuite> <!-- com.qa.testcases.Lot_number_with_bins_testcases -->
